<?xml version="1.0" encoding="UTF-8"?>
<testsuite name="com.example.tests.StringsControllerTest3" tests="3" skipped="0" failures="1" errors="0" timestamp="2017-05-15T21:45:36" hostname="trainer18s-MacBook-Pro.local" time="0.008">
  <properties/>
  <testcase name="test1" classname="com.example.tests.StringsControllerTest3" time="0.002"/>
  <testcase name="test2" classname="com.example.tests.StringsControllerTest3" time="0.002"/>
  <testcase name="test3" classname="com.example.tests.StringsControllerTest3" time="0.004">
    <failure message="java.lang.AssertionError: Status expected:&lt;200&gt; but was:&lt;401&gt;" type="java.lang.AssertionError">java.lang.AssertionError: Status expected:&lt;200&gt; but was:&lt;401&gt;
	at org.springframework.test.util.AssertionErrors.fail(AssertionErrors.java:54)
	at org.springframework.test.util.AssertionErrors.assertEquals(AssertionErrors.java:81)
	at org.springframework.test.web.servlet.result.StatusResultMatchers$10.match(StatusResultMatchers.java:664)
	at org.springframework.test.web.servlet.MockMvc$1.andExpect(MockMvc.java:171)
	at com.example.tests.StringsControllerTest3.test3(StringsControllerTest3.java:104)
	at sun.reflect.NativeMethodAccessorImpl.invoke0(Native Method)
	at sun.reflect.NativeMethodAccessorImpl.invoke(NativeMethodAccessorImpl.java:62)
	at sun.reflect.DelegatingMethodAccessorImpl.invoke(DelegatingMethodAccessorImpl.java:43)
	at java.lang.reflect.Method.invoke(Method.java:498)
	at org.junit.runners.model.FrameworkMethod$1.runReflectiveCall(FrameworkMethod.java:50)
	at org.junit.internal.runners.model.ReflectiveCallable.run(ReflectiveCallable.java:12)
	at org.junit.runners.model.FrameworkMethod.invokeExplosively(FrameworkMethod.java:47)
	at org.junit.internal.runners.statements.InvokeMethod.evaluate(InvokeMethod.java:17)
	at org.junit.internal.runners.statements.RunBefores.evaluate(RunBefores.java:26)
	at org.springframework.test.context.junit4.statements.RunBeforeTestMethodCallbacks.evaluate(RunBeforeTestMethodCallbacks.java:75)
	at org.springframework.test.context.junit4.statements.RunAfterTestMethodCallbacks.evaluate(RunAfterTestMethodCallbacks.java:86)
	at org.springframework.test.context.junit4.statements.SpringRepeat.evaluate(SpringRepeat.java:84)
	at org.junit.runners.ParentRunner.runLeaf(ParentRunner.java:325)
	at org.springframework.test.context.junit4.SpringJUnit4ClassRunner.runChild(SpringJUnit4ClassRunner.java:252)
	at org.springframework.test.context.junit4.SpringJUnit4ClassRunner.runChild(SpringJUnit4ClassRunner.java:94)
	at org.junit.runners.ParentRunner$3.run(ParentRunner.java:290)
	at org.junit.runners.ParentRunner$1.schedule(ParentRunner.java:71)
	at org.junit.runners.ParentRunner.runChildren(ParentRunner.java:288)
	at org.junit.runners.ParentRunner.access$000(ParentRunner.java:58)
	at org.junit.runners.ParentRunner$2.evaluate(ParentRunner.java:268)
	at org.springframework.test.context.junit4.statements.RunBeforeTestClassCallbacks.evaluate(RunBeforeTestClassCallbacks.java:61)
	at org.springframework.test.context.junit4.statements.RunAfterTestClassCallbacks.evaluate(RunAfterTestClassCallbacks.java:70)
	at org.junit.runners.ParentRunner.run(ParentRunner.java:363)
	at org.springframework.test.context.junit4.SpringJUnit4ClassRunner.run(SpringJUnit4ClassRunner.java:191)
	at org.gradle.api.internal.tasks.testing.junit.JUnitTestClassExecuter.runTestClass(JUnitTestClassExecuter.java:114)
	at org.gradle.api.internal.tasks.testing.junit.JUnitTestClassExecuter.execute(JUnitTestClassExecuter.java:57)
	at org.gradle.api.internal.tasks.testing.junit.JUnitTestClassProcessor.processTestClass(JUnitTestClassProcessor.java:66)
	at org.gradle.api.internal.tasks.testing.SuiteTestClassProcessor.processTestClass(SuiteTestClassProcessor.java:51)
	at sun.reflect.NativeMethodAccessorImpl.invoke0(Native Method)
	at sun.reflect.NativeMethodAccessorImpl.invoke(NativeMethodAccessorImpl.java:62)
	at sun.reflect.DelegatingMethodAccessorImpl.invoke(DelegatingMethodAccessorImpl.java:43)
	at java.lang.reflect.Method.invoke(Method.java:498)
	at org.gradle.internal.dispatch.ReflectionDispatch.dispatch(ReflectionDispatch.java:35)
	at org.gradle.internal.dispatch.ReflectionDispatch.dispatch(ReflectionDispatch.java:24)
	at org.gradle.internal.dispatch.ContextClassLoaderDispatch.dispatch(ContextClassLoaderDispatch.java:32)
	at org.gradle.internal.dispatch.ProxyDispatchAdapter$DispatchingInvocationHandler.invoke(ProxyDispatchAdapter.java:93)
	at com.sun.proxy.$Proxy3.processTestClass(Unknown Source)
	at org.gradle.api.internal.tasks.testing.worker.TestWorker.processTestClass(TestWorker.java:109)
	at sun.reflect.NativeMethodAccessorImpl.invoke0(Native Method)
	at sun.reflect.NativeMethodAccessorImpl.invoke(NativeMethodAccessorImpl.java:62)
	at sun.reflect.DelegatingMethodAccessorImpl.invoke(DelegatingMethodAccessorImpl.java:43)
	at java.lang.reflect.Method.invoke(Method.java:498)
	at org.gradle.internal.dispatch.ReflectionDispatch.dispatch(ReflectionDispatch.java:35)
	at org.gradle.internal.dispatch.ReflectionDispatch.dispatch(ReflectionDispatch.java:24)
	at org.gradle.internal.remote.internal.hub.MessageHubBackedObjectConnection$DispatchWrapper.dispatch(MessageHubBackedObjectConnection.java:147)
	at org.gradle.internal.remote.internal.hub.MessageHubBackedObjectConnection$DispatchWrapper.dispatch(MessageHubBackedObjectConnection.java:129)
	at org.gradle.internal.remote.internal.hub.MessageHub$Handler.run(MessageHub.java:404)
	at org.gradle.internal.concurrent.ExecutorPolicy$CatchAndRecordFailures.onExecute(ExecutorPolicy.java:63)
	at org.gradle.internal.concurrent.StoppableExecutorImpl$1.run(StoppableExecutorImpl.java:46)
	at java.util.concurrent.ThreadPoolExecutor.runWorker(ThreadPoolExecutor.java:1142)
	at java.util.concurrent.ThreadPoolExecutor$Worker.run(ThreadPoolExecutor.java:617)
	at java.lang.Thread.run(Thread.java:745)
</failure>
  </testcase>
  <system-out><![CDATA[2017-05-15 15:45:25.508  INFO 6118 --- [    Test worker] .b.t.c.SpringBootTestContextBootstrapper : Neither @ContextConfiguration nor @ContextHierarchy found for test class [com.example.tests.StringsControllerTest3], using SpringBootContextLoader
2017-05-15 15:45:25.508  INFO 6118 --- [    Test worker] o.s.t.c.support.AbstractContextLoader    : Could not detect default resource locations for test class [com.example.tests.StringsControllerTest3]: no resource found for suffixes {-context.xml, Context.groovy}.
2017-05-15 15:45:25.508  INFO 6118 --- [    Test worker] t.c.s.AnnotationConfigContextLoaderUtils : Could not detect default configuration classes for test class [com.example.tests.StringsControllerTest3]: StringsControllerTest3 does not declare any static, non-private, non-final, nested classes annotated with @Configuration.
2017-05-15 15:45:25.514  INFO 6118 --- [    Test worker] .b.t.c.SpringBootTestContextBootstrapper : Found @SpringBootConfiguration com.example.DemoApplication for test class com.example.tests.StringsControllerTest3
2017-05-15 15:45:25.515  INFO 6118 --- [    Test worker] .b.t.c.SpringBootTestContextBootstrapper : Loaded default TestExecutionListener class names from location [META-INF/spring.factories]: [org.springframework.security.test.context.support.WithSecurityContextTestExecutionListener, org.springframework.boot.test.mock.mockito.MockitoTestExecutionListener, org.springframework.boot.test.mock.mockito.ResetMocksTestExecutionListener, org.springframework.boot.test.autoconfigure.restdocs.RestDocsTestExecutionListener, org.springframework.boot.test.autoconfigure.web.client.MockRestServiceServerResetTestExecutionListener, org.springframework.boot.test.autoconfigure.web.servlet.MockMvcPrintOnlyOnFailureTestExecutionListener, org.springframework.boot.test.autoconfigure.web.servlet.WebDriverTestExecutionListener, org.springframework.test.context.web.ServletTestExecutionListener, org.springframework.test.context.support.DirtiesContextBeforeModesTestExecutionListener, org.springframework.test.context.support.DependencyInjectionTestExecutionListener, org.springframework.test.context.support.DirtiesContextTestExecutionListener, org.springframework.test.context.transaction.TransactionalTestExecutionListener, org.springframework.test.context.jdbc.SqlScriptsTestExecutionListener]
2017-05-15 15:45:25.516  INFO 6118 --- [    Test worker] .b.t.c.SpringBootTestContextBootstrapper : Using TestExecutionListeners: [org.springframework.test.context.web.ServletTestExecutionListener@63bff600, org.springframework.test.context.support.DirtiesContextBeforeModesTestExecutionListener@7a34f0cf, org.springframework.boot.test.autoconfigure.SpringBootDependencyInjectionTestExecutionListener@70a8b8d7, org.springframework.test.context.support.DirtiesContextTestExecutionListener@579ba316, org.springframework.test.context.transaction.TransactionalTestExecutionListener@4b885013, org.springframework.test.context.jdbc.SqlScriptsTestExecutionListener@16676325, org.springframework.security.test.context.support.WithSecurityContextTestExecutionListener@23bc0f3e, org.springframework.boot.test.autoconfigure.web.servlet.WebDriverTestExecutionListener@29b58b4c, org.springframework.boot.test.autoconfigure.web.client.MockRestServiceServerResetTestExecutionListener@20b44ea1, org.springframework.boot.test.mock.mockito.MockitoTestExecutionListener@de77fd9, org.springframework.boot.test.mock.mockito.ResetMocksTestExecutionListener@4e6144a4, org.springframework.boot.test.autoconfigure.web.servlet.MockMvcPrintOnlyOnFailureTestExecutionListener@4b0b49cf, org.springframework.boot.test.autoconfigure.restdocs.RestDocsTestExecutionListener@4948d749]

  .   ____          _            __ _ _
 /\\ / ___'_ __ _ _(_)_ __  __ _ \ \ \ \
( ( )\___ | '_ | '_| | '_ \/ _` | \ \ \ \
 \\/  ___)| |_)| | | | | || (_| |  ) ) ) )
  '  |____| .__|_| |_|_| |_\__, | / / / /
 =========|_|==============|___/=/_/_/_/
 :: Spring Boot ::        (v1.5.2.RELEASE)

2017-05-15 15:45:35.542  INFO 6118 --- [    Test worker] c.example.tests.StringsControllerTest3   : Starting StringsControllerTest3 on trainer18s-MacBook-Pro.local with PID 6118 (started by trainer18 in /Users/trainer18/Documents/git/spring-playground)
2017-05-15 15:45:35.542  INFO 6118 --- [    Test worker] c.example.tests.StringsControllerTest3   : No active profile set, falling back to default profiles: default
2017-05-15 15:45:35.544  INFO 6118 --- [    Test worker] o.s.w.c.s.GenericWebApplicationContext   : Refreshing org.springframework.web.context.support.GenericWebApplicationContext@1d86560: startup date [Mon May 15 15:45:35 MDT 2017]; root of context hierarchy
2017-05-15 15:45:35.742  INFO 6118 --- [    Test worker] trationDelegate$BeanPostProcessorChecker : Bean 'org.springframework.transaction.annotation.ProxyTransactionManagementConfiguration' of type [org.springframework.transaction.annotation.ProxyTransactionManagementConfiguration$$EnhancerBySpringCGLIB$$dff3dcd] is not eligible for getting processed by all BeanPostProcessors (for example: not eligible for auto-proxying)
2017-05-15 15:45:35.916  INFO 6118 --- [    Test worker] j.LocalContainerEntityManagerFactoryBean : Building JPA container EntityManagerFactory for persistence unit 'default'
2017-05-15 15:45:35.916  INFO 6118 --- [    Test worker] o.hibernate.jpa.internal.util.LogHelper  : HHH000204: Processing PersistenceUnitInfo [
	name: default
	...]
2017-05-15 15:45:35.921  INFO 6118 --- [    Test worker] org.hibernate.dialect.Dialect            : HHH000400: Using dialect: org.hibernate.dialect.MySQLDialect
2017-05-15 15:45:35.949  INFO 6118 --- [    Test worker] org.hibernate.tool.hbm2ddl.SchemaExport  : HHH000227: Running hbm2ddl schema export
2017-05-15 15:45:36.008  INFO 6118 --- [    Test worker] org.hibernate.tool.hbm2ddl.SchemaExport  : HHH000230: Schema export complete
2017-05-15 15:45:36.009  WARN 6118 --- [    Test worker] o.h.j.i.EntityManagerFactoryRegistry     : HHH000436: Entity manager factory name (default) is already registered.  If entity manager will be clustered or passivated, specify a unique value for property 'hibernate.ejb.entitymanager_factory_name'
2017-05-15 15:45:36.009  INFO 6118 --- [    Test worker] j.LocalContainerEntityManagerFactoryBean : Initialized JPA EntityManagerFactory for persistence unit 'default'
2017-05-15 15:45:36.275  INFO 6118 --- [    Test worker] s.w.s.m.m.a.RequestMappingHandlerMapping : Mapped "{[/admin/employees],methods=[GET]}" onto public java.lang.Iterable<com.example.model.data.entities.Employee> com.example.controller.EmployeesController.all()
2017-05-15 15:45:36.275  INFO 6118 --- [    Test worker] s.w.s.m.m.a.RequestMappingHandlerMapping : Mapped "{[/me],methods=[GET]}" onto public com.example.model.data.entities.Employee com.example.controller.EmployeesController.getMe(com.example.model.data.entities.Employee)
2017-05-15 15:45:36.275  INFO 6118 --- [    Test worker] s.w.s.m.m.a.RequestMappingHandlerMapping : Mapped "{[/employees],methods=[GET]}" onto public java.lang.String com.example.controller.EmployeesController.getEmployees()
2017-05-15 15:45:36.276  INFO 6118 --- [    Test worker] s.w.s.m.m.a.RequestMappingHandlerMapping : Mapped "{[/EndPointController],methods=[GET]}" onto public java.lang.String com.example.controller.EndpointsController.helloWorld()
2017-05-15 15:45:36.276  INFO 6118 --- [    Test worker] s.w.s.m.m.a.RequestMappingHandlerMapping : Mapped "{[/hello]}" onto public java.lang.String com.example.controller.HelloController.helloWorld()
2017-05-15 15:45:36.276  INFO 6118 --- [    Test worker] s.w.s.m.m.a.RequestMappingHandlerMapping : Mapped "{[/flights/flight],methods=[GET]}" onto public com.example.model.Flight com.example.controller.JSONController.getMapFlight() throws java.lang.Exception
2017-05-15 15:45:36.276  INFO 6118 --- [    Test worker] s.w.s.m.m.a.RequestMappingHandlerMapping : Mapped "{[/flights],methods=[GET]}" onto public java.util.List<com.example.model.Flight> com.example.controller.JSONController.getMapFlights() throws java.lang.Exception
2017-05-15 15:45:36.276  INFO 6118 --- [    Test worker] s.w.s.m.m.a.RequestMappingHandlerMapping : Mapped "{[/flights/tickets/total],methods=[POST]}" onto public com.example.model.Result com.example.controller.JSONController.getTicketsTotal(com.example.model.Tickets) throws java.lang.Exception
2017-05-15 15:45:36.277  INFO 6118 --- [    Test worker] s.w.s.m.m.a.RequestMappingHandlerMapping : Mapped "{[/lessons/{id}],methods=[PATCH]}" onto public com.example.model.data.entities.Lesson com.example.controller.LessonsController.update(com.example.model.data.entities.Lesson)
2017-05-15 15:45:36.277  INFO 6118 --- [    Test worker] s.w.s.m.m.a.RequestMappingHandlerMapping : Mapped "{[/lessons/{id}],methods=[DELETE]}" onto public void com.example.controller.LessonsController.delete(java.lang.Long)
2017-05-15 15:45:36.277  INFO 6118 --- [    Test worker] s.w.s.m.m.a.RequestMappingHandlerMapping : Mapped "{[/lessons],methods=[POST]}" onto public com.example.model.data.entities.Lesson com.example.controller.LessonsController.create(com.example.model.data.entities.Lesson)
2017-05-15 15:45:36.277  INFO 6118 --- [    Test worker] s.w.s.m.m.a.RequestMappingHandlerMapping : Mapped "{[/lessons],methods=[GET]}" onto public java.lang.Iterable<com.example.model.data.entities.Lesson> com.example.controller.LessonsController.all()
2017-05-15 15:45:36.278  INFO 6118 --- [    Test worker] s.w.s.m.m.a.RequestMappingHandlerMapping : Mapped "{[/lessons/{id}],methods=[GET]}" onto public com.example.model.data.entities.Lesson com.example.controller.LessonsController.getOne(java.lang.Long)
2017-05-15 15:45:36.278  INFO 6118 --- [    Test worker] s.w.s.m.m.a.RequestMappingHandlerMapping : Mapped "{[/zenservice],methods=[GET]}" onto public java.lang.String com.example.controller.RestTemplateController.getZenService()
2017-05-15 15:45:36.278  INFO 6118 --- [    Test worker] s.w.s.m.m.a.RequestMappingHandlerMapping : Mapped "{[/movies],methods=[GET]}" onto public java.util.List<com.example.model.Titles> com.example.controller.RestTemplateController.getMovies(java.lang.String)
2017-05-15 15:45:36.278  INFO 6118 --- [    Test worker] s.w.s.m.m.a.RequestMappingHandlerMapping : Mapped "{[/words/count],methods=[POST]}" onto public java.util.Map<java.lang.String, java.lang.Integer> com.example.controller.StringsController.getWordsCount(java.lang.String)
2017-05-15 15:45:36.279  INFO 6118 --- [    Test worker] s.w.s.m.m.a.RequestMappingHandlerMapping : Mapped "{[/users/{id}],methods=[PATCH]}" onto public com.example.model.data.entities.User com.example.controller.UsersController.update(java.lang.Long,com.example.model.data.entities.User)
2017-05-15 15:45:36.279  INFO 6118 --- [    Test worker] s.w.s.m.m.a.RequestMappingHandlerMapping : Mapped "{[/users/{id}],methods=[DELETE]}" onto public com.example.controller.UsersController$CCount com.example.controller.UsersController.delete(java.lang.Long)
2017-05-15 15:45:36.279  INFO 6118 --- [    Test worker] s.w.s.m.m.a.RequestMappingHandlerMapping : Mapped "{[/users],methods=[POST]}" onto public com.example.model.data.entities.User com.example.controller.UsersController.create(com.example.model.CUser)
2017-05-15 15:45:36.279  INFO 6118 --- [    Test worker] s.w.s.m.m.a.RequestMappingHandlerMapping : Mapped "{[/users],methods=[GET]}" onto public com.example.controller.UsersController$CUsers com.example.controller.UsersController.all()
2017-05-15 15:45:36.279  INFO 6118 --- [    Test worker] s.w.s.m.m.a.RequestMappingHandlerMapping : Mapped "{[/users/authenticate],methods=[POST]}" onto public com.example.controller.UsersController$CAuthenticated com.example.controller.UsersController.getAuthenticate(com.example.model.data.entities.User)
2017-05-15 15:45:36.279  INFO 6118 --- [    Test worker] s.w.s.m.m.a.RequestMappingHandlerMapping : Mapped "{[/users/{id}],methods=[GET]}" onto public com.example.model.CUser com.example.controller.UsersController.getOne(java.lang.Long)
2017-05-15 15:45:36.280  INFO 6118 --- [    Test worker] s.w.s.m.m.a.RequestMappingHandlerMapping : Mapped "{[/math/sum],methods=[POST]}" onto public java.lang.String com.example.controller.mathController.sum(org.springframework.util.MultiValueMap<java.lang.String, java.lang.String>)
2017-05-15 15:45:36.280  INFO 6118 --- [    Test worker] s.w.s.m.m.a.RequestMappingHandlerMapping : Mapped "{[/math/pi],methods=[GET]}" onto public java.lang.String com.example.controller.mathController.getPI()
2017-05-15 15:45:36.280  INFO 6118 --- [    Test worker] s.w.s.m.m.a.RequestMappingHandlerMapping : Mapped "{[/math/volume/{length}/{width}/{height}]}" onto public java.lang.String com.example.controller.mathController.volume(com.example.model.Volume)
2017-05-15 15:45:36.280  INFO 6118 --- [    Test worker] s.w.s.m.m.a.RequestMappingHandlerMapping : Mapped "{[/math/area],methods=[POST],consumes=[application/x-www-form-urlencoded]}" onto public java.lang.String com.example.controller.mathController.area(com.example.model.Area)
2017-05-15 15:45:36.280  INFO 6118 --- [    Test worker] s.w.s.m.m.a.RequestMappingHandlerMapping : Mapped "{[/math/calculate],methods=[GET]}" onto public java.lang.String com.example.controller.mathController.calculate(com.example.model.Calculate)
2017-05-15 15:45:36.281  INFO 6118 --- [    Test worker] s.w.s.m.m.a.RequestMappingHandlerMapping : Mapped "{[/error]}" onto public org.springframework.http.ResponseEntity<java.util.Map<java.lang.String, java.lang.Object>> org.springframework.boot.autoconfigure.web.BasicErrorController.error(javax.servlet.http.HttpServletRequest)
2017-05-15 15:45:36.282  INFO 6118 --- [    Test worker] s.w.s.m.m.a.RequestMappingHandlerMapping : Mapped "{[/error],produces=[text/html]}" onto public org.springframework.web.servlet.ModelAndView org.springframework.boot.autoconfigure.web.BasicErrorController.errorHtml(javax.servlet.http.HttpServletRequest,javax.servlet.http.HttpServletResponse)
2017-05-15 15:45:36.296  INFO 6118 --- [    Test worker] o.s.w.s.handler.SimpleUrlHandlerMapping  : Mapped URL path [/webjars/**] onto handler of type [class org.springframework.web.servlet.resource.ResourceHttpRequestHandler]
2017-05-15 15:45:36.296  INFO 6118 --- [    Test worker] o.s.w.s.handler.SimpleUrlHandlerMapping  : Mapped URL path [/**] onto handler of type [class org.springframework.web.servlet.resource.ResourceHttpRequestHandler]
2017-05-15 15:45:36.303  INFO 6118 --- [    Test worker] o.s.w.s.handler.SimpleUrlHandlerMapping  : Mapped URL path [/**/favicon.ico] onto handler of type [class org.springframework.web.servlet.resource.ResourceHttpRequestHandler]
2017-05-15 15:45:36.343  INFO 6118 --- [    Test worker] o.s.s.web.DefaultSecurityFilterChain     : Creating filter chain: org.springframework.security.web.util.matcher.AnyRequestMatcher@1, [org.springframework.security.web.context.request.async.WebAsyncManagerIntegrationFilter@62446833, org.springframework.security.web.context.SecurityContextPersistenceFilter@2ee5a0db, org.springframework.security.web.header.HeaderWriterFilter@f2b482d, org.springframework.security.web.authentication.logout.LogoutFilter@16030ac, org.springframework.security.web.authentication.www.BasicAuthenticationFilter@200bb23, org.springframework.security.web.savedrequest.RequestCacheAwareFilter@1852968, org.springframework.security.web.servletapi.SecurityContextHolderAwareRequestFilter@543a7355, org.springframework.security.web.authentication.AnonymousAuthenticationFilter@7b3727a3, org.springframework.security.web.session.SessionManagementFilter@5ba06b8, org.springframework.security.web.access.ExceptionTranslationFilter@3ed233bc, org.springframework.security.web.access.intercept.FilterSecurityInterceptor@1dafc27b]
2017-05-15 15:45:36.419  INFO 6118 --- [    Test worker] o.s.b.t.m.w.SpringBootMockServletContext : Initializing Spring FrameworkServlet ''
2017-05-15 15:45:36.419  INFO 6118 --- [    Test worker] o.s.t.web.servlet.TestDispatcherServlet  : FrameworkServlet '': initialization started
2017-05-15 15:45:36.439  INFO 6118 --- [    Test worker] s.w.s.m.m.a.RequestMappingHandlerAdapter : Looking for @ControllerAdvice: org.springframework.web.context.support.GenericWebApplicationContext@1d86560: startup date [Mon May 15 15:45:35 MDT 2017]; root of context hierarchy
2017-05-15 15:45:36.483  INFO 6118 --- [    Test worker] o.s.t.web.servlet.TestDispatcherServlet  : FrameworkServlet '': initialization completed in 64 ms
2017-05-15 15:45:36.704  INFO 6118 --- [    Test worker] o.h.h.i.QueryTranslatorFactoryInitiator  : HHH000397: Using ASTQueryTranslatorFactory
2017-05-15 15:45:36.975  INFO 6118 --- [    Test worker] c.example.tests.StringsControllerTest3   : Started StringsControllerTest3 in 11.456 seconds (JVM running for 475.0)

MockHttpServletRequest:
      HTTP Method = POST
      Request URI = /words/count
       Parameters = {}
          Headers = {Content-Type=[text/plain;charset=UTF-8]}

Handler:
             Type = null

Async:
    Async started = false
     Async result = null

Resolved Exception:
             Type = null

ModelAndView:
        View name = null
             View = null
            Model = null

FlashMap:
       Attributes = null

MockHttpServletResponse:
           Status = 401
    Error message = Full authentication is required to access this resource
          Headers = {X-Content-Type-Options=[nosniff], X-XSS-Protection=[1; mode=block], Cache-Control=[no-cache, no-store, max-age=0, must-revalidate], Pragma=[no-cache], Expires=[0], X-Frame-Options=[DENY], WWW-Authenticate=[Basic realm="Realm"]}
     Content type = null
             Body = 
    Forwarded URL = null
   Redirected URL = null
          Cookies = []
]]></system-out>
  <system-err><![CDATA[Mon May 15 15:45:35 MDT 2017 WARN: Establishing SSL connection without server's identity verification is not recommended. According to MySQL 5.5.45+, 5.6.26+ and 5.7.6+ requirements SSL connection must be established by default if explicit option isn't set. For compliance with existing applications not using SSL the verifyServerCertificate property is set to 'false'. You need either to explicitly disable SSL by setting useSSL=false, or set useSSL=true and provide truststore for server certificate verification.
Mon May 15 15:45:35 MDT 2017 WARN: Establishing SSL connection without server's identity verification is not recommended. According to MySQL 5.5.45+, 5.6.26+ and 5.7.6+ requirements SSL connection must be established by default if explicit option isn't set. For compliance with existing applications not using SSL the verifyServerCertificate property is set to 'false'. You need either to explicitly disable SSL by setting useSSL=false, or set useSSL=true and provide truststore for server certificate verification.
Mon May 15 15:45:35 MDT 2017 WARN: Establishing SSL connection without server's identity verification is not recommended. According to MySQL 5.5.45+, 5.6.26+ and 5.7.6+ requirements SSL connection must be established by default if explicit option isn't set. For compliance with existing applications not using SSL the verifyServerCertificate property is set to 'false'. You need either to explicitly disable SSL by setting useSSL=false, or set useSSL=true and provide truststore for server certificate verification.
Mon May 15 15:45:35 MDT 2017 WARN: Establishing SSL connection without server's identity verification is not recommended. According to MySQL 5.5.45+, 5.6.26+ and 5.7.6+ requirements SSL connection must be established by default if explicit option isn't set. For compliance with existing applications not using SSL the verifyServerCertificate property is set to 'false'. You need either to explicitly disable SSL by setting useSSL=false, or set useSSL=true and provide truststore for server certificate verification.
Mon May 15 15:45:35 MDT 2017 WARN: Establishing SSL connection without server's identity verification is not recommended. According to MySQL 5.5.45+, 5.6.26+ and 5.7.6+ requirements SSL connection must be established by default if explicit option isn't set. For compliance with existing applications not using SSL the verifyServerCertificate property is set to 'false'. You need either to explicitly disable SSL by setting useSSL=false, or set useSSL=true and provide truststore for server certificate verification.
Mon May 15 15:45:35 MDT 2017 WARN: Establishing SSL connection without server's identity verification is not recommended. According to MySQL 5.5.45+, 5.6.26+ and 5.7.6+ requirements SSL connection must be established by default if explicit option isn't set. For compliance with existing applications not using SSL the verifyServerCertificate property is set to 'false'. You need either to explicitly disable SSL by setting useSSL=false, or set useSSL=true and provide truststore for server certificate verification.
Mon May 15 15:45:35 MDT 2017 WARN: Establishing SSL connection without server's identity verification is not recommended. According to MySQL 5.5.45+, 5.6.26+ and 5.7.6+ requirements SSL connection must be established by default if explicit option isn't set. For compliance with existing applications not using SSL the verifyServerCertificate property is set to 'false'. You need either to explicitly disable SSL by setting useSSL=false, or set useSSL=true and provide truststore for server certificate verification.
Mon May 15 15:45:35 MDT 2017 WARN: Establishing SSL connection without server's identity verification is not recommended. According to MySQL 5.5.45+, 5.6.26+ and 5.7.6+ requirements SSL connection must be established by default if explicit option isn't set. For compliance with existing applications not using SSL the verifyServerCertificate property is set to 'false'. You need either to explicitly disable SSL by setting useSSL=false, or set useSSL=true and provide truststore for server certificate verification.
Mon May 15 15:45:35 MDT 2017 WARN: Establishing SSL connection without server's identity verification is not recommended. According to MySQL 5.5.45+, 5.6.26+ and 5.7.6+ requirements SSL connection must be established by default if explicit option isn't set. For compliance with existing applications not using SSL the verifyServerCertificate property is set to 'false'. You need either to explicitly disable SSL by setting useSSL=false, or set useSSL=true and provide truststore for server certificate verification.
Mon May 15 15:45:35 MDT 2017 WARN: Establishing SSL connection without server's identity verification is not recommended. According to MySQL 5.5.45+, 5.6.26+ and 5.7.6+ requirements SSL connection must be established by default if explicit option isn't set. For compliance with existing applications not using SSL the verifyServerCertificate property is set to 'false'. You need either to explicitly disable SSL by setting useSSL=false, or set useSSL=true and provide truststore for server certificate verification.
]]></system-err>
</testsuite>
